<?xml version="1.0" encoding="UTF-8"?>
<!-- Generated by org.testng.reporters.JUnitXMLReporter -->
<testsuite ignored="0" hostname="DESKTOP-UQLK5NR" failures="1" tests="6" name="Test" time="59.471" errors="0" timestamp="2023-09-21T13:20:24 IST">
  <testcase classname="testPack.Search_bar_functionality" name="SendKeysInSearchBar" time="9.599"/>
  <testcase classname="testPack.Search_bar_functionality" name="VerifyListIconInSearchBar" time="8.533"/>
  <testcase classname="testPack.Verify_Product_page" name="VerifyElectronicsPage" time="13.526">
    <failure type="java.lang.AssertionError" message="Result not Match expected [true] but found [false]">
      <![CDATA[java.lang.AssertionError: Result not Match expected [true] but found [false]
at testPack.Verify_Product_page.VerifyElectronicsPage(Verify_Product_page.java:47)
at java.base/java.util.ArrayList.forEach(ArrayList.java:1511)
... Removed 28 stack frames]]>
    </failure>
  </testcase> <!-- VerifyElectronicsPage -->
  <testcase classname="testPack.Verify_Product_page" name="VerifyProductpage" time="15.185"/>
  <testcase classname="testPack.TestClass" name="test1" time="0.004"/>
  <testcase classname="testPack.TestClass" name="test12" time="0.002"/>
</testsuite> <!-- Test -->
